#
# A fatal error has been detected by the Java Runtime Environment:
#
#  SIGSEGV (0xb) at pc=0x0000000106cd8914, pid=35264, tid=17415
#
# JRE version: Java(TM) SE Runtime Environment (8.0_60-b27) (build 1.8.0_60-b27)
# Java VM: Java HotSpot(TM) 64-Bit Server VM (25.60-b23 mixed mode bsd-amd64 compressed oops)
# Problematic frame:
# V  [libjvm.dylib+0x446914]  Method::checked_resolve_jmethod_id(_jmethodID*)+0xe
#
# Failed to write core dump. Core dumps have been disabled. To enable core dumping, try "ulimit -c unlimited" before starting Java again
#
# If you would like to submit a bug report, please visit:
#   http://bugreport.java.com/bugreport/crash.jsp
#

---------------  T H R E A D  ---------------

Current thread (0x00007faad2854000):  JavaThread "JDWP Transport Listener: dt_socket" daemon [_thread_in_vm, id=17415, stack(0x0000700001fe8000,0x00007000020e8000)]

siginfo: si_signo: 11 (SIGSEGV), si_code: 0 (unknown), si_addr: 0x0000000000000000

Registers:
RAX=0x0000000000000001, RBX=0x00007000020e7a8b, RCX=0x00000001070a7310, RDX=0x00007000020e7a8b
RSP=0x00007000020e79d0, RBP=0x00007000020e79e0, RSI=0x00007faad2854000, RDI=0x0003000000000000
R8 =0x0000000000000000, R9 =0x00007faad4fb0b80, R10=0x000007faad4fb0d7, R11=0x0000000000000001
R12=0x00007faad2854000, R13=0x0003000000000000, R14=0x0003000000000000, R15=0x00007faad260f570
RIP=0x0000000106cd8914, EFLAGS=0x0000000000010206, ERR=0x0000000000000000
  TRAPNO=0x000000000000000d

Top of Stack: (sp=0x00007000020e79d0)
0x00007000020e79d0:   00007000020e7a8b 00007000020e7a8b
0x00007000020e79e0:   00007000020e7a40 0000000106be7a0e
0x00007000020e79f0:   00007faad2854000 0000000000000000
0x00007000020e7a00:   0000000000000000 0000000000000000
0x00007000020e7a10:   00007faad2854000 00007faad2854000
0x00007000020e7a20:   00007000020e7a8b 00007000020e7a90
0x00007000020e7a30:   0003000000000000 0000000000000005
0x00007000020e7a40:   00007000020e7a60 000000010787f780
0x00007000020e7a50:   0000000000000001 00007000020e7b08
0x00007000020e7a60:   00007000020e7ad0 00000001078641f3
0x00007000020e7a70:   00007000020e7aa0 00007faad4f8cee0
0x00007000020e7a80:   0000000600000032 00000008000e7b08
0x00007000020e7a90:   0000000000000000 0000000000000000
0x00007000020e7aa0:   0000000000000000 00007000020e7c90
0x00007000020e7ab0:   0000000107886e7a 00007faad5352b40
0x00007000020e7ac0:   00007000020e7b08 0000000107892598
0x00007000020e7ad0:   00007000020e7ae0 00000001078642ec
0x00007000020e7ae0:   00007000020e7d00 000000010786d898
0x00007000020e7af0:   0013b98b00000013 00000000000f0200
0x00007000020e7b00:   00007faad534bea0 00007faad4fb6dc9
0x00007000020e7b10:   00007faa000001ff 00007faad4f8cea0
0x00007000020e7b20:   00007faa0000012c 00007000020e7b58
0x00007000020e7b30:   00007faad4f8cea0 0000000000000000
0x00007000020e7b40:   0013b98b0000000b 0000000000000080
0x00007000020e7b50:   00007000020e7b58 aa7f000006000000
0x00007000020e7b60:   06000000f87265d2 00003e74696e693c
0x00007000020e7b70:   0000005629280300 7f00000100000000
0x00007000020e7b80:   000000087365d2aa 6c6c41646e696607
0x00007000020e7b90:   6a4c292812000000 6c6974752f617661
0x00007000020e7ba0:   00003b7473694c2f 76616a4c29283400
0x00007000020e7bb0:   4c2f6c6974752f61 67726f4c3c747369
0x00007000020e7bc0:   682f6e617275712f 7572632f7a696661 

Instructions: (pc=0x0000000106cd8914)
0x0000000106cd88f4:   40 48 48 85 c0 75 e0 30 c0 0f b6 c0 5d c3 31 c0
0x0000000106cd8904:   5d c3 55 48 89 e5 53 48 83 ec 08 48 85 ff 74 24
0x0000000106cd8914:   48 8b 1f 48 85 db 74 1c 48 83 fb 37 74 16 48 8b
0x0000000106cd8924:   03 48 89 df ff 50 10 84 c0 b8 00 00 00 00 48 0f 

Register to memory mapping:

RAX=0x0000000000000001 is an unknown value
RBX=0x00007000020e7a8b is pointing into the stack for thread: 0x00007faad2854000
RCX=0x00000001070a7310: UseMembar+0 in /Library/Java/JavaVirtualMachines/jdk1.8.0_60.jdk/Contents/Home/jre/lib/server/libjvm.dylib at 0x0000000106892000
RDX=0x00007000020e7a8b is pointing into the stack for thread: 0x00007faad2854000
RSP=0x00007000020e79d0 is pointing into the stack for thread: 0x00007faad2854000
RBP=0x00007000020e79e0 is pointing into the stack for thread: 0x00007faad2854000
RSI=0x00007faad2854000 is a thread
RDI=0x0003000000000000 is an unknown value
R8 =0x0000000000000000 is an unknown value
R9 =0x00007faad4fb0b80 is an unknown value
R10=0x000007faad4fb0d7 is an unknown value
R11=0x0000000000000001 is an unknown value
R12=0x00007faad2854000 is a thread
R13=0x0003000000000000 is an unknown value
R14=0x0003000000000000 is an unknown value
R15=0x00007faad260f570 is an unknown value


Stack: [0x0000700001fe8000,0x00007000020e8000],  sp=0x00007000020e79d0,  free space=1022k
Native frames: (J=compiled Java code, j=interpreted, Vv=VM code, C=native code)
V  [libjvm.dylib+0x446914]  Method::checked_resolve_jmethod_id(_jmethodID*)+0xe
V  [libjvm.dylib+0x355a0e]  jvmti_IsMethodSynthetic+0xb2
C  [libjdwp.dylib+0x20780]  isMethodSynthetic+0x63
C  [libjdwp.dylib+0x51f3]  methods1+0x10b
C  [libjdwp.dylib+0x52ec]  methodsWithGeneric+0xe
C  [libjdwp.dylib+0xe898]  debugLoop_run+0x1ce
C  [libjdwp.dylib+0x1f6ba]  attachThread+0x4d
V  [libjvm.dylib+0x396d6c]  JvmtiAgentThread::call_start_function()+0x38
V  [libjvm.dylib+0x5612d3]  JavaThread::thread_main_inner()+0x9b
V  [libjvm.dylib+0x5629ce]  JavaThread::run()+0x1c2
V  [libjvm.dylib+0x48343a]  java_start(Thread*)+0xf6
C  [libsystem_pthread.dylib+0x3661]  _pthread_body+0x154
C  [libsystem_pthread.dylib+0x350d]  _pthread_body+0x0
C  [libsystem_pthread.dylib+0x2bf9]  thread_start+0xd
C  0x0000000000000000


---------------  P R O C E S S  ---------------

Java Threads: ( => current thread )
  0x00007faad42b0000 JavaThread "DestroyJavaVM" [_thread_blocked, id=6147, stack(0x000070000164a000,0x000070000174a000)]
  0x00007faad42ae800 JavaThread "http-nio-8080-AsyncTimeout" daemon [_thread_blocked, id=28419, stack(0x0000700004557000,0x0000700004657000)]
  0x00007faad2d55800 JavaThread "http-nio-8080-Acceptor-0" daemon [_thread_in_native, id=28163, stack(0x0000700004454000,0x0000700004554000)]
  0x00007faad3346000 JavaThread "http-nio-8080-ClientPoller-1" daemon [_thread_in_native, id=27651, stack(0x0000700004351000,0x0000700004451000)]
  0x00007faad428e000 JavaThread "http-nio-8080-ClientPoller-0" daemon [_thread_in_native, id=27395, stack(0x000070000424e000,0x000070000434e000)]
  0x00007faad3345800 JavaThread "http-nio-8080-exec-10" daemon [_thread_blocked, id=27139, stack(0x000070000414b000,0x000070000424b000)]
  0x00007faad3344800 JavaThread "http-nio-8080-exec-9" daemon [_thread_blocked, id=26883, stack(0x0000700004048000,0x0000700004148000)]
  0x00007faad3344000 JavaThread "http-nio-8080-exec-8" daemon [_thread_blocked, id=37891, stack(0x0000700003f45000,0x0000700004045000)]
  0x00007faad3339800 JavaThread "http-nio-8080-exec-7" daemon [_thread_blocked, id=26371, stack(0x0000700003e42000,0x0000700003f42000)]
  0x00007faad332c800 JavaThread "http-nio-8080-exec-6" daemon [_thread_blocked, id=26115, stack(0x0000700003d3f000,0x0000700003e3f000)]
  0x00007faad2d54800 JavaThread "http-nio-8080-exec-5" daemon [_thread_blocked, id=25859, stack(0x0000700003c3c000,0x0000700003d3c000)]
  0x00007faad3322800 JavaThread "http-nio-8080-exec-4" daemon [_thread_blocked, id=39171, stack(0x0000700003b39000,0x0000700003c39000)]
  0x00007faad2d4c000 JavaThread "http-nio-8080-exec-3" daemon [_thread_blocked, id=39683, stack(0x0000700003a36000,0x0000700003b36000)]
  0x00007faad428b000 JavaThread "http-nio-8080-exec-2" daemon [_thread_blocked, id=39939, stack(0x0000700003933000,0x0000700003a33000)]
  0x00007faad429c000 JavaThread "http-nio-8080-exec-1" daemon [_thread_blocked, id=40451, stack(0x0000700003830000,0x0000700003930000)]
  0x00007faad3e36000 JavaThread "NioBlockingSelector.BlockPoller-1" daemon [_thread_in_native, id=25367, stack(0x000070000372d000,0x000070000382d000)]
  0x00007faad2b88800 JavaThread "HikariPool-1 housekeeper" daemon [_thread_blocked, id=41735, stack(0x0000700003527000,0x0000700003627000)]
  0x00007faad2b56000 JavaThread "SimplePauseDetectorThread_0" daemon [_thread_blocked, id=41987, stack(0x0000700003424000,0x0000700003524000)]
  0x00007faad3bea800 JavaThread "Thread-15" daemon [_thread_blocked, id=24583, stack(0x0000700003321000,0x0000700003421000)]
  0x00007faad2c59000 JavaThread "container-0" [_thread_blocked, id=24067, stack(0x000070000321e000,0x000070000331e000)]
  0x00007faad3be7000 JavaThread "ContainerBackgroundProcessor[StandardEngine[Tomcat]]" daemon [_thread_blocked, id=23311, stack(0x000070000311b000,0x000070000321b000)]
  0x00007faad3dbc800 JavaThread "Abandoned connection cleanup thread" daemon [_thread_blocked, id=23595, stack(0x0000700003018000,0x0000700003118000)]
  0x00007faad31b0800 JavaThread "RMI Scheduler(0)" daemon [_thread_blocked, id=22275, stack(0x0000700002c0c000,0x0000700002d0c000)]
  0x00007faad28e9000 JavaThread "RMI TCP Accept-0" daemon [_thread_in_native, id=15619, stack(0x0000700002903000,0x0000700002a03000)]
  0x00007faad4029800 JavaThread "RMI TCP Accept-62338" daemon [_thread_in_native, id=15107, stack(0x0000700002800000,0x0000700002900000)]
  0x00007faad31a7000 JavaThread "RMI TCP Accept-0" daemon [_thread_in_native, id=14595, stack(0x00007000026fd000,0x00007000027fd000)]
  0x00007faad3194800 JavaThread "Service Thread" daemon [_thread_blocked, id=15875, stack(0x00007000025fa000,0x00007000026fa000)]
  0x00007faad3996800 JavaThread "C1 CompilerThread2" daemon [_thread_blocked, id=16387, stack(0x00007000024f7000,0x00007000025f7000)]
  0x00007faad3996000 JavaThread "C2 CompilerThread1" daemon [_thread_blocked, id=16643, stack(0x00007000023f4000,0x00007000024f4000)]
  0x00007faad284d000 JavaThread "C2 CompilerThread0" daemon [_thread_blocked, id=13571, stack(0x00007000022f1000,0x00007000023f1000)]
  0x00007faad2862000 JavaThread "JDWP Command Reader" daemon [_thread_in_native, id=16899, stack(0x00007000021ee000,0x00007000022ee000)]
  0x00007faad2861000 JavaThread "JDWP Event Helper Thread" daemon [_thread_blocked, id=12803, stack(0x00007000020eb000,0x00007000021eb000)]
=>0x00007faad2854000 JavaThread "JDWP Transport Listener: dt_socket" daemon [_thread_in_vm, id=17415, stack(0x0000700001fe8000,0x00007000020e8000)]
  0x00007faad302b800 JavaThread "Signal Dispatcher" daemon [_thread_blocked, id=17931, stack(0x0000700001ee5000,0x0000700001fe5000)]
  0x00007faad3028800 JavaThread "Finalizer" daemon [_thread_blocked, id=20483, stack(0x0000700001d5f000,0x0000700001e5f000)]
  0x00007faad3819800 JavaThread "Reference Handler" daemon [_thread_blocked, id=11267, stack(0x0000700001c5c000,0x0000700001d5c000)]

Other Threads:
  0x00007faad3028000 VMThread [stack: 0x0000700001b59000,0x0000700001c59000] [id=11011]
  0x00007faad3a49000 WatcherThread [stack: 0x0000700002a06000,0x0000700002b06000] [id=22019]

VM state:not at safepoint (normal execution)

VM Mutex/Monitor currently owned by a thread: None

Heap:
 PSYoungGen      total 225280K, used 97920K [0x0000000795580000, 0x00000007a6f80000, 0x00000007c0000000)
  eden space 206848K, 41% used [0x0000000795580000,0x000000079a954d98,0x00000007a1f80000)
  from space 18432K, 65% used [0x00000007a1f80000,0x00000007a2b4b3b0,0x00000007a3180000)
  to   space 18432K, 0% used [0x00000007a5d80000,0x00000007a5d80000,0x00000007a6f80000)
 ParOldGen       total 99840K, used 23631K [0x0000000740000000, 0x0000000746180000, 0x0000000795580000)
  object space 99840K, 23% used [0x0000000740000000,0x0000000741713da0,0x0000000746180000)
 Metaspace       used 55134K, capacity 58208K, committed 58368K, reserved 1099776K
  class space    used 7533K, capacity 8092K, committed 8192K, reserved 1048576K

Card table byte_map: [0x00000001085c0000,0x00000001089c1000] byte_map_base: 0x0000000104bc0000

Marking Bits: (ParMarkBitMap*) 0x0000000107170e20
 Begin Bits: [0x000000011a4b5000, 0x000000011c4b5000)
 End Bits:   [0x000000011c4b5000, 0x000000011e4b5000)

Polling page: 0x000000010785e000

CodeCache: size=245760Kb used=11368Kb max_used=11426Kb free=234391Kb
 bounds [0x000000010b4b5000, 0x000000010bfe5000, 0x000000011a4b5000]
 total_blobs=6238 nmethods=5682 adapters=476
 compilation: enabled

Compilation events (10 events):
Event: 306.311 Thread 0x00007faad3996800 5798       1       java.util.concurrent.ScheduledThreadPoolExecutor$ScheduledFutureTask::compareTo (101 bytes)
Event: 306.312 Thread 0x00007faad3996800 nmethod 5798 0x000000010bb304d0 code [0x000000010bb30640, 0x000000010bb309d0]
Event: 307.913 Thread 0x00007faad3996800 5799       1       java.util.concurrent.ScheduledThreadPoolExecutor$DelayedWorkQueue::setIndex (16 bytes)
Event: 307.913 Thread 0x00007faad3996800 nmethod 5799 0x000000010bb30110 code [0x000000010bb30280, 0x000000010bb30410]
Event: 385.762 Thread 0x00007faad3996800 5800       1       org.apache.tomcat.util.net.NioBlockingSelector$BlockPoller::events (54 bytes)
Event: 385.763 Thread 0x00007faad3996800 nmethod 5800 0x000000010bb2f9d0 code [0x000000010bb2fb60, 0x000000010bb2ff58]
Event: 392.724 Thread 0x00007faad3996800 5801       1       java.util.Collections$SetFromMap::iterator (10 bytes)
Event: 392.725 Thread 0x00007faad3996800 nmethod 5801 0x000000010bab5bd0 code [0x000000010bab5d40, 0x000000010bab5e88]
Event: 406.028 Thread 0x00007faad3996800 5802       1       java.util.concurrent.ConcurrentHashMap$ValueIterator::next (34 bytes)
Event: 406.029 Thread 0x00007faad3996800 nmethod 5802 0x000000010bab5710 code [0x000000010bab58a0, 0x000000010bab5a98]

GC Heap History (10 events):
Event: 5.988 GC heap before
{Heap before GC invocations=9 (full 1):
 PSYoungGen      total 139776K, used 139762K [0x0000000795580000, 0x00000007a0d80000, 0x00000007c0000000)
  eden space 130048K, 100% used [0x0000000795580000,0x000000079d480000,0x000000079d480000)
  from space 9728K, 99% used [0x000000079d480000,0x000000079ddfcb88,0x000000079de00000)
  to   space 12800K, 0% used [0x00000007a0100000,0x00000007a0100000,0x00000007a0d80000)
 ParOldGen       total 55296K, used 10207K [0x0000000740000000, 0x0000000743600000, 0x0000000795580000)
  object space 55296K, 18% used [0x0000000740000000,0x00000007409f7d88,0x0000000743600000)
 Metaspace       used 30901K, capacity 32400K, committed 32768K, reserved 1077248K
  class space    used 4189K, capacity 4489K, committed 4608K, reserved 1048576K
Event: 6.008 GC heap after
Heap after GC invocations=9 (full 1):
 PSYoungGen      total 173056K, used 12792K [0x0000000795580000, 0x00000007a3800000, 0x00000007c0000000)
  eden space 160256K, 0% used [0x0000000795580000,0x0000000795580000,0x000000079f200000)
  from space 12800K, 99% used [0x00000007a0100000,0x00000007a0d7e0d0,0x00000007a0d80000)
  to   space 15360K, 0% used [0x000000079f200000,0x000000079f200000,0x00000007a0100000)
 ParOldGen       total 55296K, used 12717K [0x0000000740000000, 0x0000000743600000, 0x0000000795580000)
  object space 55296K, 22% used [0x0000000740000000,0x0000000740c6b778,0x0000000743600000)
 Metaspace       used 30901K, capacity 32400K, committed 32768K, reserved 1077248K
  class space    used 4189K, capacity 4489K, committed 4608K, reserved 1048576K
}
Event: 7.246 GC heap before
{Heap before GC invocations=10 (full 1):
 PSYoungGen      total 173056K, used 145830K [0x0000000795580000, 0x00000007a3800000, 0x00000007c0000000)
  eden space 160256K, 83% used [0x0000000795580000,0x000000079d76b7f0,0x000000079f200000)
  from space 12800K, 99% used [0x00000007a0100000,0x00000007a0d7e0d0,0x00000007a0d80000)
  to   space 15360K, 0% used [0x000000079f200000,0x000000079f200000,0x00000007a0100000)
 ParOldGen       total 55296K, used 12717K [0x0000000740000000, 0x0000000743600000, 0x0000000795580000)
  object space 55296K, 22% used [0x0000000740000000,0x0000000740c6b778,0x0000000743600000)
 Metaspace       used 33608K, capacity 35370K, committed 35456K, reserved 1079296K
  class space    used 4602K, capacity 4942K, committed 4992K, reserved 1048576K
Event: 7.266 GC heap after
Heap after GC invocations=10 (full 1):
 PSYoungGen      total 175616K, used 13108K [0x0000000795580000, 0x00000007a4480000, 0x00000007c0000000)
  eden space 160256K, 0% used [0x0000000795580000,0x0000000795580000,0x000000079f200000)
  from space 15360K, 85% used [0x000000079f200000,0x000000079fecd1b0,0x00000007a0100000)
  to   space 16896K, 0% used [0x00000007a3400000,0x00000007a3400000,0x00000007a4480000)
 ParOldGen       total 55296K, used 18682K [0x0000000740000000, 0x0000000743600000, 0x0000000795580000)
  object space 55296K, 33% used [0x0000000740000000,0x000000074123ea70,0x0000000743600000)
 Metaspace       used 33608K, capacity 35370K, committed 35456K, reserved 1079296K
  class space    used 4602K, capacity 4942K, committed 4992K, reserved 1048576K
}
Event: 7.266 GC heap before
{Heap before GC invocations=11 (full 2):
 PSYoungGen      total 175616K, used 13108K [0x0000000795580000, 0x00000007a4480000, 0x00000007c0000000)
  eden space 160256K, 0% used [0x0000000795580000,0x0000000795580000,0x000000079f200000)
  from space 15360K, 85% used [0x000000079f200000,0x000000079fecd1b0,0x00000007a0100000)
  to   space 16896K, 0% used [0x00000007a3400000,0x00000007a3400000,0x00000007a4480000)
 ParOldGen       total 55296K, used 18682K [0x0000000740000000, 0x0000000743600000, 0x0000000795580000)
  object space 55296K, 33% used [0x0000000740000000,0x000000074123ea70,0x0000000743600000)
 Metaspace       used 33608K, capacity 35370K, committed 35456K, reserved 1079296K
  class space    used 4602K, capacity 4942K, committed 4992K, reserved 1048576K
Event: 7.384 GC heap after
Heap after GC invocations=11 (full 2):
 PSYoungGen      total 175616K, used 0K [0x0000000795580000, 0x00000007a4480000, 0x00000007c0000000)
  eden space 160256K, 0% used [0x0000000795580000,0x0000000795580000,0x000000079f200000)
  from space 15360K, 0% used [0x000000079f200000,0x000000079f200000,0x00000007a0100000)
  to   space 16896K, 0% used [0x00000007a3400000,0x00000007a3400000,0x00000007a4480000)
 ParOldGen       total 99840K, used 23615K [0x0000000740000000, 0x0000000746180000, 0x0000000795580000)
  object space 99840K, 23% used [0x0000000740000000,0x000000074170fda0,0x0000000746180000)
 Metaspace       used 33608K, capacity 35370K, committed 35456K, reserved 1079296K
  class space    used 4602K, capacity 4942K, committed 4992K, reserved 1048576K
}
Event: 9.162 GC heap before
{Heap before GC invocations=12 (full 2):
 PSYoungGen      total 175616K, used 160256K [0x0000000795580000, 0x00000007a4480000, 0x00000007c0000000)
  eden space 160256K, 100% used [0x0000000795580000,0x000000079f200000,0x000000079f200000)
  from space 15360K, 0% used [0x000000079f200000,0x000000079f200000,0x00000007a0100000)
  to   space 16896K, 0% used [0x00000007a3400000,0x00000007a3400000,0x00000007a4480000)
 ParOldGen       total 99840K, used 23615K [0x0000000740000000, 0x0000000746180000, 0x0000000795580000)
  object space 99840K, 23% used [0x0000000740000000,0x000000074170fda0,0x0000000746180000)
 Metaspace       used 48224K, capacity 50616K, committed 50944K, reserved 1093632K
  class space    used 6622K, capacity 7063K, committed 7168K, reserved 1048576K
Event: 9.180 GC heap after
Heap after GC invocations=12 (full 2):
 PSYoungGen      total 218624K, used 15629K [0x0000000795580000, 0x00000007a4380000, 0x00000007c0000000)
  eden space 202752K, 0% used [0x0000000795580000,0x0000000795580000,0x00000007a1b80000)
  from space 15872K, 98% used [0x00000007a3400000,0x00000007a4343508,0x00000007a4380000)
  to   space 18432K, 0% used [0x00000007a1f80000,0x00000007a1f80000,0x00000007a3180000)
 ParOldGen       total 99840K, used 23623K [0x0000000740000000, 0x0000000746180000, 0x0000000795580000)
  object space 99840K, 23% used [0x0000000740000000,0x0000000741711da0,0x0000000746180000)
 Metaspace       used 48224K, capacity 50616K, committed 50944K, reserved 1093632K
  class space    used 6622K, capacity 7063K, committed 7168K, reserved 1048576K
}
Event: 11.185 GC heap before
{Heap before GC invocations=13 (full 2):
 PSYoungGen      total 218624K, used 218381K [0x0000000795580000, 0x00000007a4380000, 0x00000007c0000000)
  eden space 202752K, 100% used [0x0000000795580000,0x00000007a1b80000,0x00000007a1b80000)
  from space 15872K, 98% used [0x00000007a3400000,0x00000007a4343508,0x00000007a4380000)
  to   space 18432K, 0% used [0x00000007a1f80000,0x00000007a1f80000,0x00000007a3180000)
 ParOldGen       total 99840K, used 23623K [0x0000000740000000, 0x0000000746180000, 0x0000000795580000)
  object space 99840K, 23% used [0x0000000740000000,0x0000000741711da0,0x0000000746180000)
 Metaspace       used 51250K, capacity 54102K, committed 54272K, reserved 1095680K
  class space    used 7072K, capacity 7585K, committed 7680K, reserved 1048576K
Event: 11.203 GC heap after
Heap after GC invocations=13 (full 2):
 PSYoungGen      total 225280K, used 12076K [0x0000000795580000, 0x00000007a6f80000, 0x00000007c0000000)
  eden space 206848K, 0% used [0x0000000795580000,0x0000000795580000,0x00000007a1f80000)
  from space 18432K, 65% used [0x00000007a1f80000,0x00000007a2b4b3b0,0x00000007a3180000)
  to   space 18432K, 0% used [0x00000007a5d80000,0x00000007a5d80000,0x00000007a6f80000)
 ParOldGen       total 99840K, used 23631K [0x0000000740000000, 0x0000000746180000, 0x0000000795580000)
  object space 99840K, 23% used [0x0000000740000000,0x0000000741713da0,0x0000000746180000)
 Metaspace       used 51250K, capacity 54102K, committed 54272K, reserved 1095680K
  class space    used 7072K, capacity 7585K, committed 7680K, reserved 1048576K
}

Deoptimization events (0 events):
No events

Internal exceptions (10 events):
Event: 27.243 Thread 0x00007faad429c000 Exception <a 'java/lang/ClassNotFoundException': org/springframework/web/servlet/FlashMapManagerCustomizer> (0x00000007962d2018) thrown at [/Users/java_re/workspace/8-2-build-macosx-x86_64/jdk8u60/4407/hotspot/src/share/vm/classfile/systemDictionary.cpp, 
Event: 27.276 Thread 0x00007faad429c000 Exception <a 'java/lang/ClassNotFoundException': java/lang/ObjectCustomizer> (0x0000000796464860) thrown at [/Users/java_re/workspace/8-2-build-macosx-x86_64/jdk8u60/4407/hotspot/src/share/vm/classfile/systemDictionary.cpp, line 210]
Event: 27.277 Thread 0x00007faad429c000 Exception <a 'java/lang/ClassNotFoundException': org/springframework/web/servlet/handler/HandlerMappingIntrospectorCustomizer> (0x000000079648a700) thrown at [/Users/java_re/workspace/8-2-build-macosx-x86_64/jdk8u60/4407/hotspot/src/share/vm/classfile/sys
Event: 27.277 Thread 0x00007faad429c000 Exception <a 'java/lang/ArrayIndexOutOfBoundsException'> (0x000000079648e230) thrown at [/Users/java_re/workspace/8-2-build-macosx-x86_64/jdk8u60/4407/hotspot/src/share/vm/runtime/sharedRuntime.cpp, line 605]
Event: 27.279 Thread 0x00007faad429c000 Exception <a 'java/lang/ClassNotFoundException': org/springframework/web/cors/CorsConfigurationSourceCustomizer> (0x00000007964b0e58) thrown at [/Users/java_re/workspace/8-2-build-macosx-x86_64/jdk8u60/4407/hotspot/src/share/vm/classfile/systemDictionary.
Event: 27.280 Thread 0x00007faad429c000 Exception <a 'java/lang/ClassNotFoundException': org/springframework/context/ApplicationContextAwareCustomizer> (0x00000007964cf898) thrown at [/Users/java_re/workspace/8-2-build-macosx-x86_64/jdk8u60/4407/hotspot/src/share/vm/classfile/systemDictionary.c
Event: 27.281 Thread 0x00007faad429c000 Exception <a 'java/lang/ClassNotFoundException': org/springframework/beans/factory/InitializingBeanCustomizer> (0x00000007964ee288) thrown at [/Users/java_re/workspace/8-2-build-macosx-x86_64/jdk8u60/4407/hotspot/src/share/vm/classfile/systemDictionary.cp
Event: 27.589 Thread 0x00007faad429c000 Exception <a 'java/lang/NoSuchMethodError': java.lang.Object.lambda$mapIfAllPresent$6(Ljava/util/Optional;Ljava/util/function/BiFunction;Ljava/lang/Object;)Ljava/util/Optional;> (0x0000000797369ad0) thrown at [/Users/java_re/workspace/8-2-build-macosx-x86
Event: 27.589 Thread 0x00007faad429c000 Exception <a 'java/lang/NoSuchMethodError': java.lang.Object.lambda$null$5(Ljava/util/function/BiFunction;Ljava/lang/Object;Ljava/lang/Object;)Ljava/lang/Object;> (0x000000079736e760) thrown at [/Users/java_re/workspace/8-2-build-macosx-x86_64/jdk8u60/440
Event: 27.975 Thread 0x00007faad429c000 Exception <a 'java/lang/ArrayIndexOutOfBoundsException'> (0x000000079883aa00) thrown at [/Users/java_re/workspace/8-2-build-macosx-x86_64/jdk8u60/4407/hotspot/src/share/vm/runtime/sharedRuntime.cpp, line 605]

Events (10 events):
Event: 432.834 Thread 0x00007faad2854000 DEOPT PACKING pc=0x000000010bd24331 sp=0x00007000020e64e0
Event: 432.834 Thread 0x00007faad2854000 DEOPT UNPACKING pc=0x000000010b4fc633 sp=0x00007000020e6238 mode 1
Event: 432.834 Thread 0x00007faad2854000 DEOPT PACKING pc=0x000000010b5db6d4 sp=0x00007000020e6540
Event: 432.834 Thread 0x00007faad2854000 DEOPT UNPACKING pc=0x000000010b4fc633 sp=0x00007000020e6298 mode 1
Event: 432.835 Thread 0x00007faad2854000 DEOPT PACKING pc=0x000000010bd24331 sp=0x00007000020e64e0
Event: 432.835 Thread 0x00007faad2854000 DEOPT UNPACKING pc=0x000000010b4fc633 sp=0x00007000020e6238 mode 1
Event: 432.835 Thread 0x00007faad2854000 DEOPT PACKING pc=0x000000010b5db6d4 sp=0x00007000020e6540
Event: 432.835 Thread 0x00007faad2854000 DEOPT UNPACKING pc=0x000000010b4fc633 sp=0x00007000020e6298 mode 1
Event: 432.835 Executing VM operation: RedefineClasses
Event: 433.479 Executing VM operation: RedefineClasses done


Dynamic libraries:
0x000000002aa94000 	/System/Library/Frameworks/Cocoa.framework/Versions/A/Cocoa
0x000000002aa94000 	/System/Library/Frameworks/Security.framework/Versions/A/Security
0x000000002aa94000 	/System/Library/Frameworks/ApplicationServices.framework/Versions/A/ApplicationServices
0x000000002aa94000 	/usr/lib/libz.1.dylib
0x000000002aa94000 	/usr/lib/libSystem.B.dylib
0x000000002aa94000 	/usr/lib/libobjc.A.dylib
0x000000002aa94000 	/System/Library/Frameworks/CoreFoundation.framework/Versions/A/CoreFoundation
0x000000002aa94000 	/System/Library/Frameworks/Foundation.framework/Versions/C/Foundation
0x000000002aa94000 	/System/Library/Frameworks/AppKit.framework/Versions/C/AppKit
0x000000002aa94000 	/System/Library/Frameworks/CoreData.framework/Versions/A/CoreData
0x000000002aa94000 	/System/Library/PrivateFrameworks/RemoteViewServices.framework/Versions/A/RemoteViewServices
0x000000002aa94000 	/System/Library/PrivateFrameworks/UIFoundation.framework/Versions/A/UIFoundation
0x000000002aa94000 	/System/Library/PrivateFrameworks/DFRFoundation.framework/Versions/A/DFRFoundation
0x000000002aa94000 	/System/Library/Frameworks/Metal.framework/Versions/A/Metal
0x000000002aa94000 	/System/Library/PrivateFrameworks/DesktopServicesPriv.framework/Versions/A/DesktopServicesPriv
0x000000002aa94000 	/usr/lib/libenergytrace.dylib
0x000000002aa94000 	/System/Library/PrivateFrameworks/SkyLight.framework/Versions/A/SkyLight
0x000000002aa94000 	/System/Library/Frameworks/CoreGraphics.framework/Versions/A/CoreGraphics
0x000000002aa94000 	/usr/lib/libScreenReader.dylib
0x000000002aa94000 	/System/Library/Frameworks/Accelerate.framework/Versions/A/Accelerate
0x000000002aa94000 	/System/Library/Frameworks/IOSurface.framework/Versions/A/IOSurface
0x000000002aa94000 	/System/Library/Frameworks/AudioToolbox.framework/Versions/A/AudioToolbox
0x000000002aa94000 	/System/Library/Frameworks/AudioUnit.framework/Versions/A/AudioUnit
0x000000002aa94000 	/System/Library/PrivateFrameworks/DataDetectorsCore.framework/Versions/A/DataDetectorsCore
0x000000002aa94000 	/System/Library/Frameworks/Carbon.framework/Versions/A/Frameworks/HIToolbox.framework/Versions/A/HIToolbox
0x000000002aa94000 	/usr/lib/libicucore.A.dylib
0x000000002aa94000 	/System/Library/Frameworks/QuartzCore.framework/Versions/A/QuartzCore
0x000000002aa94000 	/System/Library/PrivateFrameworks/SignpostNotification.framework/Versions/A/SignpostNotification
0x000000002aa94000 	/System/Library/Frameworks/Carbon.framework/Versions/A/Frameworks/SpeechRecognition.framework/Versions/A/SpeechRecognition
0x000000002aa94000 	/usr/lib/libauto.dylib
0x000000002aa94000 	/usr/lib/libxml2.2.dylib
0x000000002aa94000 	/System/Library/PrivateFrameworks/CoreUI.framework/Versions/A/CoreUI
0x000000002aa94000 	/System/Library/Frameworks/CoreAudio.framework/Versions/A/CoreAudio
0x000000002aa94000 	/System/Library/Frameworks/DiskArbitration.framework/Versions/A/DiskArbitration
0x000000002aa94000 	/usr/lib/liblangid.dylib
0x000000002aa94000 	/System/Library/PrivateFrameworks/MultitouchSupport.framework/Versions/A/MultitouchSupport
0x000000002aa94000 	/System/Library/Frameworks/IOKit.framework/Versions/A/IOKit
0x000000002aa94000 	/usr/lib/libDiagnosticMessagesClient.dylib
0x000000002aa94000 	/System/Library/Frameworks/CoreServices.framework/Versions/A/CoreServices
0x000000002aa94000 	/System/Library/PrivateFrameworks/PerformanceAnalysis.framework/Versions/A/PerformanceAnalysis
0x000000002aa94000 	/System/Library/Frameworks/OpenGL.framework/Versions/A/OpenGL
0x000000002aa94000 	/System/Library/Frameworks/ColorSync.framework/Versions/A/ColorSync
0x000000002aa94000 	/System/Library/Frameworks/CoreImage.framework/Versions/A/CoreImage
0x000000002aa94000 	/System/Library/Frameworks/CoreText.framework/Versions/A/CoreText
0x000000002aa94000 	/System/Library/Frameworks/ImageIO.framework/Versions/A/ImageIO
0x000000002aa94000 	/System/Library/PrivateFrameworks/Backup.framework/Versions/A/Backup
0x000000002aa94000 	/usr/lib/libarchive.2.dylib
0x000000002aa94000 	/System/Library/Frameworks/CFNetwork.framework/Versions/A/CFNetwork
0x000000002aa94000 	/System/Library/Frameworks/SystemConfiguration.framework/Versions/A/SystemConfiguration
0x000000002aa94000 	/usr/lib/libCRFSuite.dylib
0x000000002aa94000 	/usr/lib/libc++.1.dylib
0x000000002aa94000 	/usr/lib/libc++abi.dylib
0x000000002aa94000 	/usr/lib/system/libcache.dylib
0x000000002aa94000 	/usr/lib/system/libcommonCrypto.dylib
0x000000002aa94000 	/usr/lib/system/libcompiler_rt.dylib
0x000000002aa94000 	/usr/lib/system/libcopyfile.dylib
0x000000002aa94000 	/usr/lib/system/libcorecrypto.dylib
0x000000002aa94000 	/usr/lib/system/libdispatch.dylib
0x000000002aa94000 	/usr/lib/system/libdyld.dylib
0x000000002aa94000 	/usr/lib/system/libkeymgr.dylib
0x000000002aa94000 	/usr/lib/system/liblaunch.dylib
0x000000002aa94000 	/usr/lib/system/libmacho.dylib
0x000000002aa94000 	/usr/lib/system/libquarantine.dylib
0x000000002aa94000 	/usr/lib/system/libremovefile.dylib
0x000000002aa94000 	/usr/lib/system/libsystem_asl.dylib
0x000000002aa94000 	/usr/lib/system/libsystem_blocks.dylib
0x000000002aa94000 	/usr/lib/system/libsystem_c.dylib
0x000000002aa94000 	/usr/lib/system/libsystem_configuration.dylib
0x000000002aa94000 	/usr/lib/system/libsystem_coreservices.dylib
0x000000002aa94000 	/usr/lib/system/libsystem_darwin.dylib
0x000000002aa94000 	/usr/lib/system/libsystem_dnssd.dylib
0x000000002aa94000 	/usr/lib/system/libsystem_info.dylib
0x000000002aa94000 	/usr/lib/system/libsystem_m.dylib
0x000000002aa94000 	/usr/lib/system/libsystem_malloc.dylib
0x000000002aa94000 	/usr/lib/system/libsystem_network.dylib
0x000000002aa94000 	/usr/lib/system/libsystem_networkextension.dylib
0x000000002aa94000 	/usr/lib/system/libsystem_notify.dylib
0x000000002aa94000 	/usr/lib/system/libsystem_sandbox.dylib
0x000000002aa94000 	/usr/lib/system/libsystem_secinit.dylib
0x000000002aa94000 	/usr/lib/system/libsystem_kernel.dylib
0x000000002aa94000 	/usr/lib/system/libsystem_platform.dylib
0x000000002aa94000 	/usr/lib/system/libsystem_pthread.dylib
0x000000002aa94000 	/usr/lib/system/libsystem_symptoms.dylib
0x000000002aa94000 	/usr/lib/system/libsystem_trace.dylib
0x000000002aa94000 	/usr/lib/system/libunwind.dylib
0x000000002aa94000 	/usr/lib/system/libxpc.dylib
0x000000002aa94000 	/usr/lib/closure/libclosured.dylib
0x000000002aa94000 	/usr/lib/libbsm.0.dylib
0x000000002aa94000 	/usr/lib/system/libkxld.dylib
0x000000002aa94000 	/usr/lib/libOpenScriptingUtil.dylib
0x000000002aa94000 	/usr/lib/libcoretls.dylib
0x000000002aa94000 	/usr/lib/libcoretls_cfhelpers.dylib
0x000000002aa94000 	/usr/lib/libpam.2.dylib
0x000000002aa94000 	/usr/lib/libsqlite3.dylib
0x000000002aa94000 	/usr/lib/libxar.1.dylib
0x000000002aa94000 	/usr/lib/libbz2.1.0.dylib
0x000000002aa94000 	/usr/lib/liblzma.5.dylib
0x000000002aa94000 	/usr/lib/libnetwork.dylib
0x000000002aa94000 	/usr/lib/libapple_nghttp2.dylib
0x000000002aa94000 	/usr/lib/libpcap.A.dylib
0x000000002aa94000 	/usr/lib/libboringssl.dylib
0x000000002aa94000 	/usr/lib/libusrtcp.dylib
0x000000002aa94000 	/usr/lib/libapple_crypto.dylib
0x000000002aa94000 	/System/Library/Frameworks/CoreServices.framework/Versions/A/Frameworks/FSEvents.framework/Versions/A/FSEvents
0x000000002aa94000 	/System/Library/Frameworks/CoreServices.framework/Versions/A/Frameworks/CarbonCore.framework/Versions/A/CarbonCore
0x000000002aa94000 	/System/Library/Frameworks/CoreServices.framework/Versions/A/Frameworks/Metadata.framework/Versions/A/Metadata
0x000000002aa94000 	/System/Library/Frameworks/CoreServices.framework/Versions/A/Frameworks/OSServices.framework/Versions/A/OSServices
0x000000002aa94000 	/System/Library/Frameworks/CoreServices.framework/Versions/A/Frameworks/SearchKit.framework/Versions/A/SearchKit
0x000000002aa94000 	/System/Library/Frameworks/CoreServices.framework/Versions/A/Frameworks/AE.framework/Versions/A/AE
0x000000002aa94000 	/System/Library/Frameworks/CoreServices.framework/Versions/A/Frameworks/LaunchServices.framework/Versions/A/LaunchServices
0x000000002aa94000 	/System/Library/Frameworks/CoreServices.framework/Versions/A/Frameworks/DictionaryServices.framework/Versions/A/DictionaryServices
0x000000002aa94000 	/System/Library/Frameworks/CoreServices.framework/Versions/A/Frameworks/SharedFileList.framework/Versions/A/SharedFileList
0x000000002aa94000 	/System/Library/Frameworks/NetFS.framework/Versions/A/NetFS
0x000000002aa94000 	/System/Library/PrivateFrameworks/NetAuth.framework/Versions/A/NetAuth
0x000000002aa94000 	/System/Library/PrivateFrameworks/login.framework/Versions/A/Frameworks/loginsupport.framework/Versions/A/loginsupport
0x000000002aa94000 	/System/Library/PrivateFrameworks/TCC.framework/Versions/A/TCC
0x000000002aa94000 	/usr/lib/libmecabra.dylib
0x000000002aa94000 	/System/Library/Frameworks/ApplicationServices.framework/Versions/A/Frameworks/ATS.framework/Versions/A/ATS
0x000000002aa94000 	/System/Library/Frameworks/ApplicationServices.framework/Versions/A/Frameworks/ColorSyncLegacy.framework/Versions/A/ColorSyncLegacy
0x000000002aa94000 	/System/Library/Frameworks/ApplicationServices.framework/Versions/A/Frameworks/HIServices.framework/Versions/A/HIServices
0x000000002aa94000 	/System/Library/Frameworks/ApplicationServices.framework/Versions/A/Frameworks/LangAnalysis.framework/Versions/A/LangAnalysis
0x000000002aa94000 	/System/Library/Frameworks/ApplicationServices.framework/Versions/A/Frameworks/PrintCore.framework/Versions/A/PrintCore
0x000000002aa94000 	/System/Library/Frameworks/ApplicationServices.framework/Versions/A/Frameworks/QD.framework/Versions/A/QD
0x000000002aa94000 	/System/Library/Frameworks/ApplicationServices.framework/Versions/A/Frameworks/SpeechSynthesis.framework/Versions/A/SpeechSynthesis
0x000000002aa94000 	/System/Library/Frameworks/CoreDisplay.framework/Versions/A/CoreDisplay
0x000000002aa94000 	/System/Library/Frameworks/Accelerate.framework/Versions/A/Frameworks/vImage.framework/Versions/A/vImage
0x000000002aa94000 	/System/Library/Frameworks/Accelerate.framework/Versions/A/Frameworks/vecLib.framework/Versions/A/vecLib
0x000000002aa94000 	/System/Library/Frameworks/Accelerate.framework/Versions/A/Frameworks/vecLib.framework/Versions/A/libvDSP.dylib
0x000000002aa94000 	/System/Library/Frameworks/Accelerate.framework/Versions/A/Frameworks/vecLib.framework/Versions/A/libBNNS.dylib
0x000000002aa94000 	/System/Library/Frameworks/Accelerate.framework/Versions/A/Frameworks/vecLib.framework/Versions/A/libQuadrature.dylib
0x000000002aa94000 	/System/Library/Frameworks/Accelerate.framework/Versions/A/Frameworks/vecLib.framework/Versions/A/libvMisc.dylib
0x000000002aa94000 	/System/Library/Frameworks/Accelerate.framework/Versions/A/Frameworks/vecLib.framework/Versions/A/libLAPACK.dylib
0x000000002aa94000 	/System/Library/Frameworks/Accelerate.framework/Versions/A/Frameworks/vecLib.framework/Versions/A/libBLAS.dylib
0x000000002aa94000 	/System/Library/Frameworks/Accelerate.framework/Versions/A/Frameworks/vecLib.framework/Versions/A/libLinearAlgebra.dylib
0x000000002aa94000 	/System/Library/Frameworks/Accelerate.framework/Versions/A/Frameworks/vecLib.framework/Versions/A/libSparse.dylib
0x000000002aa94000 	/System/Library/Frameworks/Accelerate.framework/Versions/A/Frameworks/vecLib.framework/Versions/A/libSparseBLAS.dylib
0x000000002aa94000 	/System/Library/PrivateFrameworks/GPUWrangler.framework/Versions/A/GPUWrangler
0x000000002aa94000 	/System/Library/PrivateFrameworks/IOAccelerator.framework/Versions/A/IOAccelerator
0x000000002aa94000 	/System/Library/PrivateFrameworks/IOPresentment.framework/Versions/A/IOPresentment
0x000000002aa94000 	/System/Library/PrivateFrameworks/DSExternalDisplay.framework/Versions/A/DSExternalDisplay
0x000000002aa94000 	/System/Library/Frameworks/OpenGL.framework/Versions/A/Libraries/libCoreFSCache.dylib
0x000000002aa94000 	/System/Library/Frameworks/CoreVideo.framework/Versions/A/CoreVideo
0x000000002aa94000 	/System/Library/PrivateFrameworks/GraphVisualizer.framework/Versions/A/GraphVisualizer
0x000000002aa94000 	/System/Library/Frameworks/MetalPerformanceShaders.framework/Versions/A/MetalPerformanceShaders
0x000000002aa94000 	/usr/lib/libFosl_dynamic.dylib
0x000000002aa94000 	/System/Library/PrivateFrameworks/FaceCore.framework/Versions/A/FaceCore
0x000000002aa94000 	/System/Library/Frameworks/OpenCL.framework/Versions/A/OpenCL
0x000000002aa94000 	/usr/lib/libcompression.dylib
0x000000002aa94000 	/System/Library/Frameworks/ApplicationServices.framework/Versions/A/Frameworks/ATS.framework/Versions/A/Resources/libFontParser.dylib
0x000000002aa94000 	/System/Library/Frameworks/ApplicationServices.framework/Versions/A/Frameworks/ATS.framework/Versions/A/Resources/libFontRegistry.dylib
0x000000002aa94000 	/System/Library/Frameworks/ImageIO.framework/Versions/A/Resources/libJPEG.dylib
0x000000002aa94000 	/System/Library/Frameworks/ImageIO.framework/Versions/A/Resources/libTIFF.dylib
0x000000002aa94000 	/System/Library/Frameworks/ImageIO.framework/Versions/A/Resources/libPng.dylib
0x000000002aa94000 	/System/Library/Frameworks/ImageIO.framework/Versions/A/Resources/libGIF.dylib
0x000000002aa94000 	/System/Library/Frameworks/ImageIO.framework/Versions/A/Resources/libJP2.dylib
0x000000002aa94000 	/System/Library/Frameworks/ImageIO.framework/Versions/A/Resources/libRadiance.dylib
0x000000002aa94000 	/System/Library/PrivateFrameworks/AppleJPEG.framework/Versions/A/AppleJPEG
0x000000002aa94000 	/System/Library/Frameworks/MetalPerformanceShaders.framework/Frameworks/MPSCore.framework/Versions/A/MPSCore
0x000000002aa94000 	/System/Library/Frameworks/MetalPerformanceShaders.framework/Frameworks/MPSImage.framework/Versions/A/MPSImage
0x000000002aa94000 	/System/Library/Frameworks/MetalPerformanceShaders.framework/Frameworks/MPSNeuralNetwork.framework/Versions/A/MPSNeuralNetwork
0x000000002aa94000 	/System/Library/Frameworks/MetalPerformanceShaders.framework/Frameworks/MPSMatrix.framework/Versions/A/MPSMatrix
0x000000002aa94000 	/System/Library/PrivateFrameworks/MetalTools.framework/Versions/A/MetalTools
0x000000002aa94000 	/System/Library/Frameworks/OpenGL.framework/Versions/A/Libraries/libGLU.dylib
0x000000002aa94000 	/System/Library/Frameworks/OpenGL.framework/Versions/A/Libraries/libGFXShared.dylib
0x000000002aa94000 	/System/Library/Frameworks/OpenGL.framework/Versions/A/Libraries/libGL.dylib
0x000000002aa94000 	/System/Library/Frameworks/OpenGL.framework/Versions/A/Libraries/libGLImage.dylib
0x000000002aa94000 	/System/Library/Frameworks/OpenGL.framework/Versions/A/Libraries/libCVMSPluginSupport.dylib
0x000000002aa94000 	/System/Library/Frameworks/OpenGL.framework/Versions/A/Libraries/libCoreVMClient.dylib
0x000000002aa94000 	/usr/lib/libcups.2.dylib
0x000000002aa94000 	/System/Library/Frameworks/Kerberos.framework/Versions/A/Kerberos
0x000000002aa94000 	/System/Library/Frameworks/GSS.framework/Versions/A/GSS
0x000000002aa94000 	/usr/lib/libresolv.9.dylib
0x000000002aa94000 	/usr/lib/libiconv.2.dylib
0x000000002aa94000 	/System/Library/PrivateFrameworks/Heimdal.framework/Versions/A/Heimdal
0x000000002aa94000 	/usr/lib/libheimdal-asn1.dylib
0x000000002aa94000 	/System/Library/Frameworks/OpenDirectory.framework/Versions/A/OpenDirectory
0x000000002aa94000 	/System/Library/PrivateFrameworks/CommonAuth.framework/Versions/A/CommonAuth
0x000000002aa94000 	/System/Library/Frameworks/OpenDirectory.framework/Versions/A/Frameworks/CFOpenDirectory.framework/Versions/A/CFOpenDirectory
0x000000002aa94000 	/System/Library/Frameworks/SecurityFoundation.framework/Versions/A/SecurityFoundation
0x000000002aa94000 	/System/Library/PrivateFrameworks/APFS.framework/Versions/A/APFS
0x000000002aa94000 	/usr/lib/libutil.dylib
0x000000002aa94000 	/System/Library/PrivateFrameworks/AppleSauce.framework/Versions/A/AppleSauce
0x000000002aa94000 	/System/Library/PrivateFrameworks/LinguisticData.framework/Versions/A/LinguisticData
0x000000002aa94000 	/usr/lib/libmarisa.dylib
0x000000002aa94000 	/System/Library/PrivateFrameworks/Lexicon.framework/Versions/A/Lexicon
0x000000002aa94000 	/usr/lib/libChineseTokenizer.dylib
0x000000002aa94000 	/usr/lib/libcmph.dylib
0x000000002aa94000 	/System/Library/PrivateFrameworks/LanguageModeling.framework/Versions/A/LanguageModeling
0x000000002aa94000 	/System/Library/PrivateFrameworks/CoreEmoji.framework/Versions/A/CoreEmoji
0x000000002aa94000 	/System/Library/Frameworks/ServiceManagement.framework/Versions/A/ServiceManagement
0x000000002aa94000 	/System/Library/PrivateFrameworks/BackgroundTaskManagement.framework/Versions/A/BackgroundTaskManagement
0x000000002aa94000 	/usr/lib/libxslt.1.dylib
0x000000002aa94000 	/System/Library/Frameworks/Carbon.framework/Versions/A/Frameworks/Ink.framework/Versions/A/Ink
0x000000002aa94000 	/System/Library/PrivateFrameworks/TextureIO.framework/Versions/A/TextureIO
0x000000002aa94000 	/usr/lib/libate.dylib
0x000000002aa94000 	/System/Library/PrivateFrameworks/CrashReporterSupport.framework/Versions/A/CrashReporterSupport
0x000000002aa94000 	/System/Library/PrivateFrameworks/Sharing.framework/Versions/A/Sharing
0x000000002aa94000 	/System/Library/PrivateFrameworks/IconServices.framework/Versions/A/IconServices
0x000000002aa94000 	/System/Library/PrivateFrameworks/Apple80211.framework/Versions/A/Apple80211
0x000000002aa94000 	/System/Library/PrivateFrameworks/CoreUtils.framework/Versions/A/CoreUtils
0x000000002aa94000 	/System/Library/Frameworks/CoreWLAN.framework/Versions/A/CoreWLAN
0x000000002aa94000 	/System/Library/Frameworks/IOBluetooth.framework/Versions/A/IOBluetooth
0x000000002aa94000 	/System/Library/PrivateFrameworks/ProtocolBuffer.framework/Versions/A/ProtocolBuffer
0x000000002aa94000 	/System/Library/PrivateFrameworks/CoreWiFi.framework/Versions/A/CoreWiFi
0x000000002aa94000 	/System/Library/Frameworks/CoreBluetooth.framework/Versions/A/CoreBluetooth
0x000000002aa94000 	/System/Library/PrivateFrameworks/DebugSymbols.framework/Versions/A/DebugSymbols
0x000000002aa94000 	/System/Library/PrivateFrameworks/CoreSymbolication.framework/Versions/A/CoreSymbolication
0x000000002aa94000 	/System/Library/PrivateFrameworks/Symbolication.framework/Versions/A/Symbolication
0x000000002aa94000 	/System/Library/PrivateFrameworks/AppleFSCompression.framework/Versions/A/AppleFSCompression
0x000000002aa94000 	/System/Library/PrivateFrameworks/SpeechRecognitionCore.framework/Versions/A/SpeechRecognitionCore
0x0000000106892000 	/Library/Java/JavaVirtualMachines/jdk1.8.0_60.jdk/Contents/Home/jre/lib/server/libjvm.dylib
0x000000002aa94000 	/usr/lib/libstdc++.6.0.9.dylib
0x000000010781b000 	/Library/Java/JavaVirtualMachines/jdk1.8.0_60.jdk/Contents/Home/jre/lib/libverify.dylib
0x0000000107829000 	/Library/Java/JavaVirtualMachines/jdk1.8.0_60.jdk/Contents/Home/jre/lib/libjava.dylib
0x000000010785f000 	/Library/Java/JavaVirtualMachines/jdk1.8.0_60.jdk/Contents/Home/jre/lib/libjdwp.dylib
0x00000001078aa000 	/Library/Java/JavaVirtualMachines/jdk1.8.0_60.jdk/Contents/Home/jre/lib/libnpt.dylib
0x00000001078ae000 	/Library/Java/JavaVirtualMachines/jdk1.8.0_60.jdk/Contents/Home/jre/lib/libinstrument.dylib
0x000000010794c000 	/Library/Java/JavaVirtualMachines/jdk1.8.0_60.jdk/Contents/Home/jre/lib/libzip.dylib
0x000000002aa94000 	/System/Library/Frameworks/JavaVM.framework/Versions/A/Frameworks/JavaRuntimeSupport.framework/Versions/A/JavaRuntimeSupport
0x000000002aa94000 	/System/Library/Frameworks/JavaVM.framework/Versions/A/Frameworks/JavaNativeFoundation.framework/Versions/A/JavaNativeFoundation
0x000000002aa94000 	/System/Library/Frameworks/JavaVM.framework/Versions/A/JavaVM
0x000000002aa94000 	/System/Library/Frameworks/Carbon.framework/Versions/A/Carbon
0x000000002aa94000 	/System/Library/PrivateFrameworks/JavaLaunching.framework/Versions/A/JavaLaunching
0x000000002aa94000 	/System/Library/Frameworks/Carbon.framework/Versions/A/Frameworks/CommonPanels.framework/Versions/A/CommonPanels
0x000000002aa94000 	/System/Library/Frameworks/Carbon.framework/Versions/A/Frameworks/Help.framework/Versions/A/Help
0x000000002aa94000 	/System/Library/Frameworks/Carbon.framework/Versions/A/Frameworks/ImageCapture.framework/Versions/A/ImageCapture
0x000000002aa94000 	/System/Library/Frameworks/Carbon.framework/Versions/A/Frameworks/OpenScripting.framework/Versions/A/OpenScripting
0x000000002aa94000 	/System/Library/Frameworks/Carbon.framework/Versions/A/Frameworks/Print.framework/Versions/A/Print
0x000000002aa94000 	/System/Library/Frameworks/Carbon.framework/Versions/A/Frameworks/SecurityHI.framework/Versions/A/SecurityHI
0x000000010aad1000 	/Library/Java/JavaVirtualMachines/jdk1.8.0_60.jdk/Contents/Home/jre/lib/libdt_socket.dylib
0x000000010aea2000 	/Library/Java/JavaVirtualMachines/jdk1.8.0_60.jdk/Contents/Home/jre/lib/libmanagement.dylib
0x000000010aeb0000 	/Library/Java/JavaVirtualMachines/jdk1.8.0_60.jdk/Contents/Home/jre/lib/libnet.dylib
0x000000010af0f000 	/Library/Java/JavaVirtualMachines/jdk1.8.0_60.jdk/Contents/Home/jre/lib/libnio.dylib

VM Arguments:
jvm_args: -agentlib:jdwp=transport=dt_socket,address=127.0.0.1:62339,suspend=y,server=n -XX:TieredStopAtLevel=1 -Xverify:none -Dspring.profiles.active=mac -Dspring.output.ansi.enabled=always -Dcom.sun.management.jmxremote -Dcom.sun.management.jmxremote.port=62338 -Dcom.sun.management.jmxremote.authenticate=false -Dcom.sun.management.jmxremote.ssl=false -Dspring.liveBeansView.mbeanDomain -Dspring.application.admin.enabled=true -javaagent:/Users/duaazahi/Library/Caches/IntelliJIdea2017.2/groovyHotSwap/gragent.jar -Dfile.encoding=UTF-8 
java_command: org.quran.hafiz.Application
java_class_path (initial): /Library/Java/JavaVirtualMachines/jdk1.8.0_60.jdk/Contents/Home/jre/lib/charsets.jar:/Library/Java/JavaVirtualMachines/jdk1.8.0_60.jdk/Contents/Home/jre/lib/deploy.jar:/Library/Java/JavaVirtualMachines/jdk1.8.0_60.jdk/Contents/Home/jre/lib/ext/cldrdata.jar:/Library/Java/JavaVirtualMachines/jdk1.8.0_60.jdk/Contents/Home/jre/lib/ext/dnsns.jar:/Library/Java/JavaVirtualMachines/jdk1.8.0_60.jdk/Contents/Home/jre/lib/ext/jaccess.jar:/Library/Java/JavaVirtualMachines/jdk1.8.0_60.jdk/Contents/Home/jre/lib/ext/jfxrt.jar:/Library/Java/JavaVirtualMachines/jdk1.8.0_60.jdk/Contents/Home/jre/lib/ext/localedata.jar:/Library/Java/JavaVirtualMachines/jdk1.8.0_60.jdk/Contents/Home/jre/lib/ext/nashorn.jar:/Library/Java/JavaVirtualMachines/jdk1.8.0_60.jdk/Contents/Home/jre/lib/ext/sunec.jar:/Library/Java/JavaVirtualMachines/jdk1.8.0_60.jdk/Contents/Home/jre/lib/ext/sunjce_provider.jar:/Library/Java/JavaVirtualMachines/jdk1.8.0_60.jdk/Contents/Home/jre/lib/ext/sunpkcs11.jar:/Library/Java/JavaVirtualMachines/jdk1.8.0_60.jdk/Contents/Home/jre/lib/ext/zipfs.jar:/Library/Java/JavaVirtualMachines/jdk1.8.0_60.jdk/Contents/Home/jre/lib/javaws.jar:/Library/Java/JavaVirtualMachines/jdk1.8.0_60.jdk/Contents/Home/jre/lib/jce.jar:/Library/Java/JavaVirtualMachines/jdk1.8.0_60.jdk/Contents/Home/jre/lib/jfr.jar:/Library/Java/JavaVirtualMachines/jdk1.8.0_60.jdk/Contents/Home/jre/lib/jfxswt.jar:/Library/Java/JavaVirtualMachines/jdk1.8.0_60.jdk/Contents/Home/jre/lib/jsse.jar:/Library/Java/JavaVirtualMachines/jdk1.8.0_60.jdk/Contents/Home/jre/lib/management-agent.jar:/Library/Java/JavaVirtualMachines/jdk1.8.0_60.jdk/Contents/Home/jre/lib/plugin.jar:/Library/Java/JavaVirtualMachines/jdk1.8.0_60.jdk/Contents/Home/jre/lib/resources.jar:/Library/Java/JavaVirtualMachines/jdk1.8.0_60.jdk/Contents/Home/jre/lib/rt.jar:/Library/Java/JavaVirtualMachines/jdk1.8.0_60.jdk/Contents/Home/lib/ant-javafx.jar:/Library/Java/JavaVirtualMachines/jdk1.8.0_60.jdk/Contents/Home/lib/dt.jar:/Library/Ja
Launcher Type: SUN_STANDARD

Environment Variables:
PATH=/usr/local/bin:/usr/bin:/bin:/usr/sbin:/sbin:/usr/local/mysql/bin:/usr/local/MacGPG2/bin:/Users/duaazahi/programs/mongodb/bin:/Library/PostgreSQL/9.6/bin
SHELL=/bin/bash

Signal Handlers:
SIGSEGV: [libjvm.dylib+0x5a6d31], sa_mask[0]=11111111011111110111111111111111, sa_flags=SA_ONSTACK|SA_RESTART|SA_SIGINFO
SIGBUS: [libjvm.dylib+0x5a6d31], sa_mask[0]=11111111011111110111111111111111, sa_flags=SA_RESTART|SA_SIGINFO
SIGFPE: [libjvm.dylib+0x480a4c], sa_mask[0]=11111111011111110111111111111111, sa_flags=SA_RESTART|SA_SIGINFO
SIGPIPE: [libjvm.dylib+0x480a4c], sa_mask[0]=11111111011111110111111111111111, sa_flags=SA_RESTART|SA_SIGINFO
SIGXFSZ: [libjvm.dylib+0x480a4c], sa_mask[0]=11111111011111110111111111111111, sa_flags=SA_RESTART|SA_SIGINFO
SIGILL: [libjvm.dylib+0x480a4c], sa_mask[0]=11111111011111110111111111111111, sa_flags=SA_RESTART|SA_SIGINFO
SIGUSR1: SIG_DFL, sa_mask[0]=00000000000000000000000000000000, sa_flags=none
SIGUSR2: [libjvm.dylib+0x48056a], sa_mask[0]=00100000000000000000000000000000, sa_flags=SA_RESTART|SA_SIGINFO
SIGHUP: [libjvm.dylib+0x47eb41], sa_mask[0]=11111111011111110111111111111111, sa_flags=SA_RESTART|SA_SIGINFO
SIGINT: [libjvm.dylib+0x47eb41], sa_mask[0]=11111111011111110111111111111111, sa_flags=SA_RESTART|SA_SIGINFO
SIGTERM: [libjvm.dylib+0x47eb41], sa_mask[0]=11111111011111110111111111111111, sa_flags=SA_RESTART|SA_SIGINFO
SIGQUIT: [libjvm.dylib+0x47eb41], sa_mask[0]=11111111011111110111111111111111, sa_flags=SA_RESTART|SA_SIGINFO


---------------  S Y S T E M  ---------------

OS:Bsduname:Darwin 17.5.0 Darwin Kernel Version 17.5.0: Fri Apr 13 19:32:32 PDT 2018; root:xnu-4570.51.2~1/RELEASE_X86_64 x86_64
rlimit: STACK 8192k, CORE 0k, NPROC 709, NOFILE 10240, AS infinity
load average:9.64 6.49 8.11

CPU:total 4 (2 cores per cpu, 2 threads per core) family 6 model 61 stepping 4, cmov, cx8, fxsr, mmx, sse, sse2, sse3, ssse3, sse4.1, sse4.2, popcnt, avx, avx2, aes, clmul, erms, 3dnowpref, lzcnt, ht, tsc, tscinvbit, bmi1, bmi2, adx

Memory: 4k page, physical 8388608k(206224k free)

/proc/meminfo:


vm_info: Java HotSpot(TM) 64-Bit Server VM (25.60-b23) for bsd-amd64 JRE (1.8.0_60-b27), built on Aug  4 2015 10:47:24 by "java_re" with gcc 4.2.1 (Based on Apple Inc. build 5658) (LLVM build 2336.11.00)

time: Sat Jun  9 15:27:58 2018
elapsed time: 433 seconds (0d 0h 7m 13s)

